# JRE version: OpenJDK Runtime Environment (7.0_51) (build 1.7.0_51-b00)
# Java VM: OpenJDK 64-Bit Server VM (24.45-b08 mixed mode linux-amd64 compressed oops)
Heap
 PSYoungGen      total 37376K, used 561K [0x00000007d6c00000, 0x00000007d9580000, 0x0000000800000000)
  eden space 32256K, 1% used [0x00000007d6c00000,0x00000007d6c8c610,0x00000007d8b80000)
  from space 5120K, 0% used [0x00000007d8b80000,0x00000007d8b80000,0x00000007d9080000)
  to   space 5120K, 0% used [0x00000007d9080000,0x00000007d9080000,0x00000007d9580000)
 ParOldGen       total 108544K, used 21212K [0x0000000784400000, 0x000000078ae00000, 0x00000007d6c00000)
  object space 108544K, 19% used [0x0000000784400000,0x00000007858b7000,0x000000078ae00000)
 PSPermGen       total 36352K, used 18148K [0x0000000779e00000, 0x000000077c180000, 0x0000000784400000)
  object space 36352K, 49% used [0x0000000779e00000,0x000000077afb9168,0x000000077c180000)
GC Heap History (8 events):
Event: 1,289 GC heap before
{Heap before GC invocations=1 (full 0):
 PSYoungGen      total 37376K, used 32256K [0x00000007d6c00000, 0x00000007d9580000, 0x0000000800000000)
  eden space 32256K, 100% used [0x00000007d6c00000,0x00000007d8b80000,0x00000007d8b80000)
  from space 5120K, 0% used [0x00000007d9080000,0x00000007d9080000,0x00000007d9580000)
  to   space 5120K, 0% used [0x00000007d8b80000,0x00000007d8b80000,0x00000007d9080000)
 ParOldGen       total 84480K, used 0K [0x0000000784400000, 0x0000000789680000, 0x00000007d6c00000)
  object space 84480K, 0% used [0x0000000784400000,0x0000000784400000,0x0000000789680000)
 PSPermGen       total 21504K, used 11690K [0x0000000779e00000, 0x000000077b300000, 0x0000000784400000)
  object space 21504K, 54% used [0x0000000779e00000,0x000000077a96a940,0x000000077b300000)
Event: 1,298 GC heap after
Heap after GC invocations=1 (full 0):
 PSYoungGen      total 37376K, used 5117K [0x00000007d6c00000, 0x00000007d9580000, 0x0000000800000000)
  eden space 32256K, 0% used [0x00000007d6c00000,0x00000007d6c00000,0x00000007d8b80000)
  from space 5120K, 99% used [0x00000007d8b80000,0x00000007d907f730,0x00000007d9080000)
  to   space 5120K, 0% used [0x00000007d9080000,0x00000007d9080000,0x00000007d9580000)
 ParOldGen       total 84480K, used 4493K [0x0000000784400000, 0x0000000789680000, 0x00000007d6c00000)
  object space 84480K, 5% used [0x0000000784400000,0x00000007848637c0,0x0000000789680000)
 PSPermGen       total 21504K, used 11690K [0x0000000779e00000, 0x000000077b300000, 0x0000000784400000)
  object space 21504K, 54% used [0x0000000779e00000,0x000000077a96a940,0x000000077b300000)
}
Event: 4,118 GC heap before
{Heap before GC invocations=2 (full 0):
 PSYoungGen      total 37376K, used 37373K [0x00000007d6c00000, 0x00000007d9580000, 0x0000000800000000)
  eden space 32256K, 100% used [0x00000007d6c00000,0x00000007d8b80000,0x00000007d8b80000)
  from space 5120K, 99% used [0x00000007d8b80000,0x00000007d907f730,0x00000007d9080000)
  to   space 5120K, 0% used [0x00000007d9080000,0x00000007d9080000,0x00000007d9580000)
 ParOldGen       total 84480K, used 4493K [0x0000000784400000, 0x0000000789680000, 0x00000007d6c00000)
  object space 84480K, 5% used [0x0000000784400000,0x00000007848637c0,0x0000000789680000)
 PSPermGen       total 21504K, used 14644K [0x0000000779e00000, 0x000000077b300000, 0x0000000784400000)
  object space 21504K, 68% used [0x0000000779e00000,0x000000077ac4d3e0,0x000000077b300000)
Event: 4,149 GC heap after
Heap after GC invocations=2 (full 0):
 PSYoungGen      total 37376K, used 5095K [0x00000007d6c00000, 0x00000007d9580000, 0x0000000800000000)
  eden space 32256K, 0% used [0x00000007d6c00000,0x00000007d6c00000,0x00000007d8b80000)
  from space 5120K, 99% used [0x00000007d9080000,0x00000007d9579f58,0x00000007d9580000)
  to   space 5120K, 0% used [0x00000007d8b80000,0x00000007d8b80000,0x00000007d9080000)
 ParOldGen       total 84480K, used 39218K [0x0000000784400000, 0x0000000789680000, 0x00000007d6c00000)
  object space 84480K, 46% used [0x0000000784400000,0x0000000786a4c8c0,0x0000000789680000)
 PSPermGen       total 21504K, used 14644K [0x0000000779e00000, 0x000000077b300000, 0x0000000784400000)
  object space 21504K, 68% used [0x0000000779e00000,0x000000077ac4d3e0,0x000000077b300000)
}
Event: 14,145 GC heap before
{Heap before GC invocations=3 (full 0):
 PSYoungGen      total 37376K, used 37351K [0x00000007d6c00000, 0x00000007d9580000, 0x0000000800000000)
  eden space 32256K, 100% used [0x00000007d6c00000,0x00000007d8b80000,0x00000007d8b80000)
  from space 5120K, 99% used [0x00000007d9080000,0x00000007d9579f58,0x00000007d9580000)
  to   space 5120K, 0% used [0x00000007d8b80000,0x00000007d8b80000,0x00000007d9080000)
 ParOldGen       total 84480K, used 39218K [0x0000000784400000, 0x0000000789680000, 0x00000007d6c00000)
  object space 84480K, 46% used [0x0000000784400000,0x0000000786a4c8c0,0x0000000789680000)
 PSPermGen       total 21504K, used 18142K [0x0000000779e00000, 0x000000077b300000, 0x0000000784400000)
  object space 21504K, 84% used [0x0000000779e00000,0x000000077afb7868,0x000000077b300000)
Event: 14,158 GC heap after
Heap after GC invocations=3 (full 0):
 PSYoungGen      total 37376K, used 5101K [0x00000007d6c00000, 0x00000007d9580000, 0x0000000800000000)
  eden space 32256K, 0% used [0x00000007d6c00000,0x00000007d6c00000,0x00000007d8b80000)
  from space 5120K, 99% used [0x00000007d8b80000,0x00000007d907b740,0x00000007d9080000)
  to   space 5120K, 0% used [0x00000007d9080000,0x00000007d9080000,0x00000007d9580000)
 ParOldGen       total 84480K, used 45479K [0x0000000784400000, 0x0000000789680000, 0x00000007d6c00000)
  object space 84480K, 53% used [0x0000000784400000,0x0000000787069db8,0x0000000789680000)
 PSPermGen       total 21504K, used 18142K [0x0000000779e00000, 0x000000077b300000, 0x0000000784400000)
  object space 21504K, 84% used [0x0000000779e00000,0x000000077afb7868,0x000000077b300000)
}
Event: 14,158 GC heap before
{Heap before GC invocations=4 (full 1):
 PSYoungGen      total 37376K, used 5101K [0x00000007d6c00000, 0x00000007d9580000, 0x0000000800000000)
  eden space 32256K, 0% used [0x00000007d6c00000,0x00000007d6c00000,0x00000007d8b80000)
  from space 5120K, 99% used [0x00000007d8b80000,0x00000007d907b740,0x00000007d9080000)
  to   space 5120K, 0% used [0x00000007d9080000,0x00000007d9080000,0x00000007d9580000)
 ParOldGen       total 84480K, used 45479K [0x0000000784400000, 0x0000000789680000, 0x00000007d6c00000)
  object space 84480K, 53% used [0x0000000784400000,0x0000000787069db8,0x0000000789680000)
 PSPermGen       total 21504K, used 18142K [0x0000000779e00000, 0x000000077b300000, 0x0000000784400000)
  object space 21504K, 84% used [0x0000000779e00000,0x000000077afb7868,0x000000077b300000)
Event: 14,235 GC heap after
Heap after GC invocations=4 (full 1):
 PSYoungGen      total 37376K, used 0K [0x00000007d6c00000, 0x00000007d9580000, 0x0000000800000000)
  eden space 32256K, 0% used [0x00000007d6c00000,0x00000007d6c00000,0x00000007d8b80000)
  from space 5120K, 0% used [0x00000007d8b80000,0x00000007d8b80000,0x00000007d9080000)
  to   space 5120K, 0% used [0x00000007d9080000,0x00000007d9080000,0x00000007d9580000)
 ParOldGen       total 108544K, used 21212K [0x0000000784400000, 0x000000078ae00000, 0x00000007d6c00000)
  object space 108544K, 19% used [0x0000000784400000,0x00000007858b7000,0x000000078ae00000)
 PSPermGen       total 36352K, used 18136K [0x0000000779e00000, 0x000000077c180000, 0x0000000784400000)
  object space 36352K, 49% used [0x0000000779e00000,0x000000077afb6388,0x000000077c180000)
}

